<?xml version="1.0" encoding="UTF-8"?>
<!-- Generated by org.testng.reporters.JUnitReportReporter -->
<testsuite hostname="DESKTOP-PN0RVR2" name="test.CrossB" tests="2" failures="0" timestamp="25 Sep 2020 19:41:58 GMT" time="14.942" errors="0">
  <testcase name="demo" time="6.339" classname="test.CrossB"/>
  <testcase name="demo" time="8.603" classname="test.CrossB"/>
</testsuite> <!-- test.CrossB -->
